<?xml version="1.0" encoding="UTF-8"?>
<!-- Generated by org.testng.reporters.JUnitReportReporter -->
<testsuite skipped="0" hostname="Aletek-PC" name="PackOne.TC_chrome" tests="1" failures="0" timestamp="13 Apr 2018 00:15:24 GMT" time="26.940" errors="0">
  <testcase name="TC1" time="26.940" classname="PackOne.TC_chrome"/>
</testsuite> <!-- PackOne.TC_chrome -->
