<?xml version="1.0" encoding="UTF-8"?>
<!-- Generated by org.testng.reporters.JUnitReportReporter -->
<testsuite skipped="0" hostname="Aletek-PC" name="PackOne.TC_chrome" tests="1" failures="0" timestamp="13 Apr 2018 02:41:15 GMT" time="19.035" errors="0">
  <testcase name="TC1" time="19.035" classname="PackOne.TC_chrome"/>
</testsuite> <!-- PackOne.TC_chrome -->
