<?xml version="1.0" encoding="UTF-8"?>
<!-- Generated by org.testng.reporters.JUnitReportReporter -->
<testsuite skipped="0" hostname="Aletek-PC" name="PackOne.TC_FF" tests="1" failures="0" timestamp="13 Apr 2018 02:40:29 GMT" time="54.336" errors="0">
  <testcase name="TC1" time="54.336" classname="PackOne.TC_FF"/>
</testsuite> <!-- PackOne.TC_FF -->
